2025-5-12 14:34:37-debug: start **** info
2025-5-12 14:34:38-log: Cannot access game frame or container.
2025-5-12 14:34:39-debug: asset-db:require-engine-code (1710ms)
2025-5-12 14:34:39-log: meshopt wasm decoder initialized
2025-5-12 14:34:39-log: [box2d]:box2d wasm lib loaded.
2025-5-12 14:34:39-log: [bullet]:bullet wasm lib loaded.
2025-5-12 14:34:39-log: Cocos Creator v3.8.4
2025-5-12 14:34:39-log: Using legacy pipeline
2025-5-12 14:34:39-log: Forward render pipeline initialized.
2025-5-12 14:34:40-debug: [Assets Memory track]: asset-db-plugin-register: programming start:82.95MB, end 86.47MB, increase: 3.52MB
2025-5-12 14:34:41-debug: [Assets Memory track]: asset-db-plugin-register: builder start:86.50MB, end 205.46MB, increase: 118.97MB
2025-5-12 14:34:39-debug: [Assets Memory track]: asset-db:worker-init: initEngine start:29.40MB, end 82.13MB, increase: 52.73MB
2025-5-12 14:34:42-debug: [Assets Memory track]: asset-db:worker-init: initPlugin start:82.15MB, end 205.25MB, increase: 123.10MB
2025-5-12 14:34:42-debug: [Assets Memory track]: asset-db-plugin-register: project start:82.82MB, end 205.22MB, increase: 122.41MB
2025-5-12 14:34:42-debug: asset-db:worker-init: initPlugin (2192ms)
2025-5-12 14:34:42-debug: [Assets Memory track]: asset-db:worker-init start:29.40MB, end 205.35MB, increase: 175.95MB
2025-5-12 14:34:42-debug: Run asset db hook programming:beforePreStart ...
2025-5-12 14:34:42-debug: Run asset db hook engine-extends:beforePreStart ...
2025-5-12 14:34:42-debug: Run asset db hook programming:beforePreStart success!
2025-5-12 14:34:42-debug: Run asset db hook engine-extends:beforePreStart success!
2025-5-12 14:34:42-debug: asset-db:worker-init (4446ms)
2025-5-12 14:34:42-debug: asset-db-hook-programming-beforePreStart (191ms)
2025-5-12 14:34:42-debug: asset-db-hook-engine-extends-beforePreStart (191ms)
2025-5-12 14:34:42-debug: Preimport db internal success
2025-5-12 14:34:42-debug: Preimport db assets success
2025-5-12 14:34:42-debug: Run asset db hook programming:afterPreStart ...
2025-5-12 14:34:42-debug: starting packer-driver...
2025-5-12 14:35:10-debug: initialize scripting environment...
2025-5-12 14:35:10-debug: Set detail map pack:///resolution-detail-map.json: {}
2025-5-12 14:35:10-debug: Run asset db hook engine-extends:afterPreStart success!
2025-5-12 14:35:10-debug: Run asset db hook programming:afterPreStart success!
2025-5-12 14:35:10-debug: Start up the 'internal' database...
2025-5-12 14:35:10-debug: Run asset db hook engine-extends:afterPreStart ...
2025-5-12 14:35:10-debug: asset-db-hook-programming-afterPreStart (28303ms)
2025-5-12 14:35:10-debug: asset-db-hook-engine-extends-afterPreStart (502ms)
2025-5-12 14:35:10-debug: asset-db:worker-effect-data-processing (502ms)
2025-5-12 14:35:10-debug: Start up the 'assets' database...
2025-5-12 14:35:11-debug: asset-db:worker-startup-database[internal] (29877ms)
2025-5-12 14:35:12-debug: [Assets Memory track]: asset-db:worker-init: startup start:144.82MB, end 167.89MB, increase: 23.07MB
2025-5-12 14:35:12-debug: lazy register asset handler *
2025-5-12 14:35:12-debug: lazy register asset handler directory
2025-5-12 14:35:12-debug: lazy register asset handler text
2025-5-12 14:35:12-debug: lazy register asset handler spine-data
2025-5-12 14:35:12-debug: lazy register asset handler dragonbones
2025-5-12 14:35:12-debug: lazy register asset handler dragonbones-atlas
2025-5-12 14:35:12-debug: lazy register asset handler json
2025-5-12 14:35:12-debug: lazy register asset handler terrain
2025-5-12 14:35:12-debug: lazy register asset handler javascript
2025-5-12 14:35:12-debug: lazy register asset handler scene
2025-5-12 14:35:12-debug: lazy register asset handler typescript
2025-5-12 14:35:12-debug: lazy register asset handler sprite-frame
2025-5-12 14:35:12-debug: lazy register asset handler prefab
2025-5-12 14:35:12-debug: lazy register asset handler tiled-map
2025-5-12 14:35:12-debug: lazy register asset handler image
2025-5-12 14:35:12-debug: lazy register asset handler buffer
2025-5-12 14:35:12-debug: lazy register asset handler alpha-image
2025-5-12 14:35:12-debug: lazy register asset handler texture-cube
2025-5-12 14:35:12-debug: lazy register asset handler sign-image
2025-5-12 14:35:12-debug: lazy register asset handler erp-texture-cube
2025-5-12 14:35:12-debug: lazy register asset handler render-texture
2025-5-12 14:35:12-debug: lazy register asset handler texture-cube-face
2025-5-12 14:35:12-debug: lazy register asset handler rt-sprite-frame
2025-5-12 14:35:12-debug: lazy register asset handler texture
2025-5-12 14:35:12-debug: lazy register asset handler gltf-mesh
2025-5-12 14:35:12-debug: lazy register asset handler gltf-animation
2025-5-12 14:35:12-debug: lazy register asset handler gltf-material
2025-5-12 14:35:12-debug: lazy register asset handler gltf
2025-5-12 14:35:12-debug: lazy register asset handler gltf-skeleton
2025-5-12 14:35:12-debug: lazy register asset handler gltf-embeded-image
2025-5-12 14:35:12-debug: lazy register asset handler gltf-scene
2025-5-12 14:35:12-debug: lazy register asset handler physics-material
2025-5-12 14:35:12-debug: lazy register asset handler effect
2025-5-12 14:35:12-debug: lazy register asset handler material
2025-5-12 14:35:12-debug: lazy register asset handler effect-header
2025-5-12 14:35:12-debug: lazy register asset handler audio-clip
2025-5-12 14:35:12-debug: lazy register asset handler animation-clip
2025-5-12 14:35:12-debug: lazy register asset handler animation-graph
2025-5-12 14:35:12-debug: lazy register asset handler animation-graph-variant
2025-5-12 14:35:12-debug: lazy register asset handler ttf-font
2025-5-12 14:35:12-debug: lazy register asset handler animation-mask
2025-5-12 14:35:12-debug: lazy register asset handler particle
2025-5-12 14:35:12-debug: lazy register asset handler bitmap-font
2025-5-12 14:35:12-debug: lazy register asset handler sprite-atlas
2025-5-12 14:35:12-debug: lazy register asset handler fbx
2025-5-12 14:35:12-debug: lazy register asset handler auto-atlas
2025-5-12 14:35:12-debug: lazy register asset handler render-pipeline
2025-5-12 14:35:12-debug: lazy register asset handler render-stage
2025-5-12 14:35:12-debug: lazy register asset handler instantiation-material
2025-5-12 14:35:12-debug: lazy register asset handler render-flow
2025-5-12 14:35:12-debug: lazy register asset handler instantiation-skeleton
2025-5-12 14:35:12-debug: lazy register asset handler instantiation-mesh
2025-5-12 14:35:12-debug: lazy register asset handler instantiation-animation
2025-5-12 14:35:12-debug: lazy register asset handler label-atlas
2025-5-12 14:35:12-debug: lazy register asset handler video-clip
2025-5-12 14:35:12-debug: asset-db:worker-startup-database[assets] (30048ms)
2025-5-12 14:35:12-debug: asset-db:start-database (30300ms)
2025-5-12 14:35:12-debug: asset-db:ready (38590ms)
2025-5-12 14:35:12-debug: init worker message success
2025-5-12 14:35:13-debug: [Build Memory track]: builder:worker-init start:165.14MB, end 179.49MB, increase: 14.35MB
2025-5-12 14:35:13-debug: programming:execute-script (7ms)
2025-5-12 14:35:13-debug: builder:worker-init (662ms)
2025-5-12 14:35:55-debug: Query all assets info in project
2025-5-12 14:35:55-debug: init custom config: keepNodeUuid: false, useCache: true
2025-5-12 14:35:55-debug: 查询 Asset Bundle start, progress: 0%
2025-5-12 14:35:55-debug: // ---- build task 查询 Asset Bundle ----
2025-5-12 14:35:55-debug:   Number of all scenes: 8
2025-5-12 14:35:55-debug: Query preload assets/scripts from cc.config.json: 60f7195c-ec2a-45eb-ba94-8955f60e81d0,1c02ae6f-4492-4915-b8f8-7492a3b1e4cd,810e96e4-e456-4468-9b59-f4e8f39732c0,efe8e2a3-eace-427b-b4f1-cb8a937ec77d,e9aa9a3e-5b2b-4ac7-a2c7-073de2b2b24f,8bbdbcdd-5cd4-4100-b6d5-b7c9625b6107,50f4348b-c883-4e2f-8f11-ce233b859fa1,fda095cb-831d-4601-ad94-846013963de8,f92806d7-1768-443f-afe8-12bcde84d0f0,dd3a144d-ab7f-41f0-82b8-2e43a090d496,f0416e68-0200-4b77-a926-4f9d16e494da,511d2633-09a7-4bdd-ac42-f778032124b3,5d45aa00-e064-4938-b314-4265f0c2258c,9361fd90-ba52-4f84-aa93-6e878fd576ca,970b0598-bcb0-4714-91fb-2e81440dccd8,bcd64cc6-2dd9-43f6-abbe-66318d332032,d930590d-bb92-4cc8-8bd1-23cd027f9edf,a3cd009f-0ab0-420d-9278-b9fdab939bbc,6a2d0734-bd9e-4ddf-946e-caa52498cb75,c27215d8-6835-4b68-bfbb-bdeac6100c04,b5d6115f-0370-4d7c-aad3-c194cc71cf98,d1346436-ac96-4271-b863-1f4fdead95b0,971bdb23-3ff6-43eb-b422-1c30165a3663,17debcc3-0a6b-4b8a-b00b-dc58b885581e,711ebe11-f673-4cd9-9a83-63c60ba54c5b,c0143906-9aed-447e-9436-2ae8512d1b6e,14da1725-c4c2-42b4-ab08-ee0aeb6898b3,081cab31-dccd-428e-8652-f2404cc81c47,78e0584a-4343-4727-8f37-e14e65c2a2db,ba21476f-2866-4f81-9c4d-6e359316e448,871c3b6c-7379-419d-bda3-794b239ab90d,1d08ef62-a503-4ce2-8b9a-46c90873f7d3,ff9b0199-ce04-4cfe-86cc-6c719f08d6e4,de1c2107-70c8-4021-8459-6399f24d01c6,cbf30902-517f-40dc-af90-a550bac27cf1
2025-5-12 14:35:55-debug:   Number of all scripts: 221
2025-5-12 14:35:55-debug:   Number of other assets: 5717
2025-5-12 14:35:55-debug: // ---- build task 查询 Asset Bundle ---- (192ms)
2025-5-12 14:35:55-debug: run build task 查询 Asset Bundle success in 192 ms√, progress: 5%
2025-5-12 14:35:55-debug: [Build Memory track]: 查询 Asset Bundle start:182.97MB, end 186.98MB, increase: 4.01MB
2025-5-12 14:35:55-debug: // ---- build task 查询 Asset Bundle ----
2025-5-12 14:35:55-debug: 查询 Asset Bundle start, progress: 5%
2025-5-12 14:35:55-debug: // ---- build task 查询 Asset Bundle ---- (6ms)
2025-5-12 14:35:55-debug: run build task 查询 Asset Bundle success in 6 ms√, progress: 10%
2025-5-12 14:35:55-debug: 整理部分构建选项内数据到 settings.json start, progress: 10%
2025-5-12 14:35:55-debug: [Build Memory track]: 查询 Asset Bundle start:187.01MB, end 187.97MB, increase: 980.95KB
2025-5-12 14:35:55-debug: // ---- build task 整理部分构建选项内数据到 settings.json ----
2025-5-12 14:35:55-debug: // ---- build task 整理部分构建选项内数据到 settings.json ---- (1ms)
2025-5-12 14:35:55-debug: run build task 整理部分构建选项内数据到 settings.json success in 1 ms√, progress: 12%
2025-5-12 14:35:55-debug: // ---- build task 填充脚本数据到 settings.json ----
2025-5-12 14:35:55-debug: [Build Memory track]: 整理部分构建选项内数据到 settings.json start:188.00MB, end 188.03MB, increase: 31.40KB
2025-5-12 14:35:55-debug: 填充脚本数据到 settings.json start, progress: 12%
2025-5-12 14:35:55-debug: run build task 填充脚本数据到 settings.json success in √, progress: 13%
2025-5-12 14:35:55-debug: [Build Memory track]: 填充脚本数据到 settings.json start:188.06MB, end 188.08MB, increase: 17.73KB
2025-5-12 14:35:55-debug: 整理部分构建选项内数据到 settings.json start, progress: 13%
2025-5-12 14:35:55-debug: // ---- build task 整理部分构建选项内数据到 settings.json ----
2025-5-12 14:35:55-debug: // ---- build task 整理部分构建选项内数据到 settings.json ---- (3ms)
2025-5-12 14:35:55-debug: run build task 整理部分构建选项内数据到 settings.json success in 3 ms√, progress: 15%
2025-5-12 14:35:55-debug: [Build Memory track]: 整理部分构建选项内数据到 settings.json start:188.12MB, end 188.25MB, increase: 135.30KB
2025-5-12 14:35:55-debug: Query all assets info in project
2025-5-12 14:35:55-debug: Query all assets info in project
2025-5-12 14:35:55-debug: Query all assets info in project
2025-5-12 14:35:55-debug: Query all assets info in project
2025-5-12 14:35:55-debug: init custom config: keepNodeUuid: false, useCache: true
2025-5-12 14:35:55-debug: init custom config: keepNodeUuid: false, useCache: true
2025-5-12 14:35:55-debug: init custom config: keepNodeUuid: false, useCache: true
2025-5-12 14:35:55-debug: init custom config: keepNodeUuid: false, useCache: true
2025-5-12 14:35:55-debug: 查询 Asset Bundle start, progress: 0%
2025-5-12 14:35:55-debug: // ---- build task 查询 Asset Bundle ----
2025-5-12 14:35:55-debug: // ---- build task 查询 Asset Bundle ----
2025-5-12 14:35:55-debug: // ---- build task 查询 Asset Bundle ----
2025-5-12 14:35:55-debug: 查询 Asset Bundle start, progress: 0%
2025-5-12 14:35:55-debug: // ---- build task 查询 Asset Bundle ----
2025-5-12 14:35:55-debug: 查询 Asset Bundle start, progress: 0%
2025-5-12 14:35:55-debug: 查询 Asset Bundle start, progress: 0%
2025-5-12 14:35:55-debug: Query preload assets/scripts from cc.config.json: 60f7195c-ec2a-45eb-ba94-8955f60e81d0,1c02ae6f-4492-4915-b8f8-7492a3b1e4cd,810e96e4-e456-4468-9b59-f4e8f39732c0,efe8e2a3-eace-427b-b4f1-cb8a937ec77d,e9aa9a3e-5b2b-4ac7-a2c7-073de2b2b24f,8bbdbcdd-5cd4-4100-b6d5-b7c9625b6107,50f4348b-c883-4e2f-8f11-ce233b859fa1,fda095cb-831d-4601-ad94-846013963de8,f92806d7-1768-443f-afe8-12bcde84d0f0,dd3a144d-ab7f-41f0-82b8-2e43a090d496,f0416e68-0200-4b77-a926-4f9d16e494da,511d2633-09a7-4bdd-ac42-f778032124b3,5d45aa00-e064-4938-b314-4265f0c2258c,9361fd90-ba52-4f84-aa93-6e878fd576ca,970b0598-bcb0-4714-91fb-2e81440dccd8,bcd64cc6-2dd9-43f6-abbe-66318d332032,d930590d-bb92-4cc8-8bd1-23cd027f9edf,a3cd009f-0ab0-420d-9278-b9fdab939bbc,6a2d0734-bd9e-4ddf-946e-caa52498cb75,c27215d8-6835-4b68-bfbb-bdeac6100c04,b5d6115f-0370-4d7c-aad3-c194cc71cf98,d1346436-ac96-4271-b863-1f4fdead95b0,971bdb23-3ff6-43eb-b422-1c30165a3663,17debcc3-0a6b-4b8a-b00b-dc58b885581e,711ebe11-f673-4cd9-9a83-63c60ba54c5b,c0143906-9aed-447e-9436-2ae8512d1b6e,14da1725-c4c2-42b4-ab08-ee0aeb6898b3,081cab31-dccd-428e-8652-f2404cc81c47,78e0584a-4343-4727-8f37-e14e65c2a2db,ba21476f-2866-4f81-9c4d-6e359316e448,871c3b6c-7379-419d-bda3-794b239ab90d,1d08ef62-a503-4ce2-8b9a-46c90873f7d3,ff9b0199-ce04-4cfe-86cc-6c719f08d6e4,de1c2107-70c8-4021-8459-6399f24d01c6,cbf30902-517f-40dc-af90-a550bac27cf1
2025-5-12 14:35:55-debug:   Number of all scenes: 8
2025-5-12 14:35:55-debug:   Number of other assets: 5717
2025-5-12 14:35:55-debug: Query preload assets/scripts from cc.config.json: 60f7195c-ec2a-45eb-ba94-8955f60e81d0,1c02ae6f-4492-4915-b8f8-7492a3b1e4cd,810e96e4-e456-4468-9b59-f4e8f39732c0,efe8e2a3-eace-427b-b4f1-cb8a937ec77d,e9aa9a3e-5b2b-4ac7-a2c7-073de2b2b24f,8bbdbcdd-5cd4-4100-b6d5-b7c9625b6107,50f4348b-c883-4e2f-8f11-ce233b859fa1,fda095cb-831d-4601-ad94-846013963de8,f92806d7-1768-443f-afe8-12bcde84d0f0,dd3a144d-ab7f-41f0-82b8-2e43a090d496,f0416e68-0200-4b77-a926-4f9d16e494da,511d2633-09a7-4bdd-ac42-f778032124b3,5d45aa00-e064-4938-b314-4265f0c2258c,9361fd90-ba52-4f84-aa93-6e878fd576ca,970b0598-bcb0-4714-91fb-2e81440dccd8,bcd64cc6-2dd9-43f6-abbe-66318d332032,d930590d-bb92-4cc8-8bd1-23cd027f9edf,a3cd009f-0ab0-420d-9278-b9fdab939bbc,6a2d0734-bd9e-4ddf-946e-caa52498cb75,c27215d8-6835-4b68-bfbb-bdeac6100c04,b5d6115f-0370-4d7c-aad3-c194cc71cf98,d1346436-ac96-4271-b863-1f4fdead95b0,971bdb23-3ff6-43eb-b422-1c30165a3663,17debcc3-0a6b-4b8a-b00b-dc58b885581e,711ebe11-f673-4cd9-9a83-63c60ba54c5b,c0143906-9aed-447e-9436-2ae8512d1b6e,14da1725-c4c2-42b4-ab08-ee0aeb6898b3,081cab31-dccd-428e-8652-f2404cc81c47,78e0584a-4343-4727-8f37-e14e65c2a2db,ba21476f-2866-4f81-9c4d-6e359316e448,871c3b6c-7379-419d-bda3-794b239ab90d,1d08ef62-a503-4ce2-8b9a-46c90873f7d3,ff9b0199-ce04-4cfe-86cc-6c719f08d6e4,de1c2107-70c8-4021-8459-6399f24d01c6,cbf30902-517f-40dc-af90-a550bac27cf1
2025-5-12 14:35:55-debug:   Number of all scenes: 8
2025-5-12 14:35:55-debug:   Number of all scripts: 221
2025-5-12 14:35:55-debug:   Number of other assets: 5717
2025-5-12 14:35:55-debug: Query preload assets/scripts from cc.config.json: 60f7195c-ec2a-45eb-ba94-8955f60e81d0,1c02ae6f-4492-4915-b8f8-7492a3b1e4cd,810e96e4-e456-4468-9b59-f4e8f39732c0,efe8e2a3-eace-427b-b4f1-cb8a937ec77d,e9aa9a3e-5b2b-4ac7-a2c7-073de2b2b24f,8bbdbcdd-5cd4-4100-b6d5-b7c9625b6107,50f4348b-c883-4e2f-8f11-ce233b859fa1,fda095cb-831d-4601-ad94-846013963de8,f92806d7-1768-443f-afe8-12bcde84d0f0,dd3a144d-ab7f-41f0-82b8-2e43a090d496,f0416e68-0200-4b77-a926-4f9d16e494da,511d2633-09a7-4bdd-ac42-f778032124b3,5d45aa00-e064-4938-b314-4265f0c2258c,9361fd90-ba52-4f84-aa93-6e878fd576ca,970b0598-bcb0-4714-91fb-2e81440dccd8,bcd64cc6-2dd9-43f6-abbe-66318d332032,d930590d-bb92-4cc8-8bd1-23cd027f9edf,a3cd009f-0ab0-420d-9278-b9fdab939bbc,6a2d0734-bd9e-4ddf-946e-caa52498cb75,c27215d8-6835-4b68-bfbb-bdeac6100c04,b5d6115f-0370-4d7c-aad3-c194cc71cf98,d1346436-ac96-4271-b863-1f4fdead95b0,971bdb23-3ff6-43eb-b422-1c30165a3663,17debcc3-0a6b-4b8a-b00b-dc58b885581e,711ebe11-f673-4cd9-9a83-63c60ba54c5b,c0143906-9aed-447e-9436-2ae8512d1b6e,14da1725-c4c2-42b4-ab08-ee0aeb6898b3,081cab31-dccd-428e-8652-f2404cc81c47,78e0584a-4343-4727-8f37-e14e65c2a2db,ba21476f-2866-4f81-9c4d-6e359316e448,871c3b6c-7379-419d-bda3-794b239ab90d,1d08ef62-a503-4ce2-8b9a-46c90873f7d3,ff9b0199-ce04-4cfe-86cc-6c719f08d6e4,de1c2107-70c8-4021-8459-6399f24d01c6,cbf30902-517f-40dc-af90-a550bac27cf1
2025-5-12 14:35:55-debug:   Number of all scenes: 8
2025-5-12 14:35:55-debug:   Number of all scripts: 221
2025-5-12 14:35:55-debug:   Number of other assets: 5717
2025-5-12 14:35:55-debug: Query preload assets/scripts from cc.config.json: 60f7195c-ec2a-45eb-ba94-8955f60e81d0,1c02ae6f-4492-4915-b8f8-7492a3b1e4cd,810e96e4-e456-4468-9b59-f4e8f39732c0,efe8e2a3-eace-427b-b4f1-cb8a937ec77d,e9aa9a3e-5b2b-4ac7-a2c7-073de2b2b24f,8bbdbcdd-5cd4-4100-b6d5-b7c9625b6107,50f4348b-c883-4e2f-8f11-ce233b859fa1,fda095cb-831d-4601-ad94-846013963de8,f92806d7-1768-443f-afe8-12bcde84d0f0,dd3a144d-ab7f-41f0-82b8-2e43a090d496,f0416e68-0200-4b77-a926-4f9d16e494da,511d2633-09a7-4bdd-ac42-f778032124b3,5d45aa00-e064-4938-b314-4265f0c2258c,9361fd90-ba52-4f84-aa93-6e878fd576ca,970b0598-bcb0-4714-91fb-2e81440dccd8,bcd64cc6-2dd9-43f6-abbe-66318d332032,d930590d-bb92-4cc8-8bd1-23cd027f9edf,a3cd009f-0ab0-420d-9278-b9fdab939bbc,6a2d0734-bd9e-4ddf-946e-caa52498cb75,c27215d8-6835-4b68-bfbb-bdeac6100c04,b5d6115f-0370-4d7c-aad3-c194cc71cf98,d1346436-ac96-4271-b863-1f4fdead95b0,971bdb23-3ff6-43eb-b422-1c30165a3663,17debcc3-0a6b-4b8a-b00b-dc58b885581e,711ebe11-f673-4cd9-9a83-63c60ba54c5b,c0143906-9aed-447e-9436-2ae8512d1b6e,14da1725-c4c2-42b4-ab08-ee0aeb6898b3,081cab31-dccd-428e-8652-f2404cc81c47,78e0584a-4343-4727-8f37-e14e65c2a2db,ba21476f-2866-4f81-9c4d-6e359316e448,871c3b6c-7379-419d-bda3-794b239ab90d,1d08ef62-a503-4ce2-8b9a-46c90873f7d3,ff9b0199-ce04-4cfe-86cc-6c719f08d6e4,de1c2107-70c8-4021-8459-6399f24d01c6,cbf30902-517f-40dc-af90-a550bac27cf1
2025-5-12 14:35:55-debug:   Number of all scripts: 221
2025-5-12 14:35:55-debug:   Number of other assets: 5717
2025-5-12 14:35:55-debug:   Number of all scenes: 8
2025-5-12 14:35:55-debug:   Number of all scripts: 221
2025-5-12 14:35:56-debug: // ---- build task 查询 Asset Bundle ---- (559ms)
2025-5-12 14:35:56-debug: run build task 查询 Asset Bundle success in 559 ms√, progress: 5%
2025-5-12 14:35:56-debug: // ---- build task 查询 Asset Bundle ----
2025-5-12 14:35:56-debug: run build task 查询 Asset Bundle success in √, progress: 5%
2025-5-12 14:35:56-debug: [Build Memory track]: 查询 Asset Bundle start:174.59MB, end 174.60MB, increase: 13.84KB
2025-5-12 14:35:56-debug: [Build Memory track]: 查询 Asset Bundle start:187.63MB, end 174.56MB, increase: -13383.50KB
2025-5-12 14:35:56-debug: 查询 Asset Bundle start, progress: 5%
2025-5-12 14:35:56-debug: // ---- build task 查询 Asset Bundle ----
2025-5-12 14:35:56-debug: run build task 查询 Asset Bundle success in √, progress: 5%
2025-5-12 14:35:56-debug: [Build Memory track]: 查询 Asset Bundle start:174.64MB, end 174.65MB, increase: 13.81KB
2025-5-12 14:35:56-debug: // ---- build task 查询 Asset Bundle ----
2025-5-12 14:35:56-debug: 查询 Asset Bundle start, progress: 5%
2025-5-12 14:35:56-debug: run build task 查询 Asset Bundle success in √, progress: 5%
2025-5-12 14:35:56-debug: [Build Memory track]: 查询 Asset Bundle start:174.68MB, end 174.70MB, increase: 13.93KB
2025-5-12 14:35:56-debug: 查询 Asset Bundle start, progress: 5%
2025-5-12 14:35:56-debug: // ---- build task 查询 Asset Bundle ----
2025-5-12 14:35:56-debug: 查询 Asset Bundle start, progress: 5%
2025-5-12 14:35:56-debug: // ---- build task 查询 Asset Bundle ---- (24ms)
2025-5-12 14:35:56-debug: run build task 查询 Asset Bundle success in 24 ms√, progress: 10%
2025-5-12 14:35:56-debug: // ---- build task 整理部分构建选项内数据到 settings.json ----
2025-5-12 14:35:56-debug: [Build Memory track]: 查询 Asset Bundle start:174.73MB, end 178.31MB, increase: 3.58MB
2025-5-12 14:35:56-debug: 整理部分构建选项内数据到 settings.json start, progress: 10%
2025-5-12 14:35:56-debug: // ---- build task 整理部分构建选项内数据到 settings.json ----
2025-5-12 14:35:56-debug: run build task 查询 Asset Bundle success in √, progress: 10%
2025-5-12 14:35:56-debug: 整理部分构建选项内数据到 settings.json start, progress: 10%
2025-5-12 14:35:56-debug: 整理部分构建选项内数据到 settings.json start, progress: 10%
2025-5-12 14:35:56-debug: // ---- build task 整理部分构建选项内数据到 settings.json ----
2025-5-12 14:35:56-debug: 整理部分构建选项内数据到 settings.json start, progress: 10%
2025-5-12 14:35:56-debug: // ---- build task 整理部分构建选项内数据到 settings.json ----
2025-5-12 14:35:56-debug: run build task 查询 Asset Bundle success in √, progress: 10%
2025-5-12 14:35:56-debug: run build task 查询 Asset Bundle success in √, progress: 10%
2025-5-12 14:35:56-debug: // ---- build task 整理部分构建选项内数据到 settings.json ---- (3ms)
2025-5-12 14:35:56-debug: run build task 整理部分构建选项内数据到 settings.json success in 3 ms√, progress: 12%
2025-5-12 14:35:56-debug: [Build Memory track]: 整理部分构建选项内数据到 settings.json start:178.47MB, end 178.50MB, increase: 36.55KB
2025-5-12 14:35:56-debug: // ---- build task 填充脚本数据到 settings.json ----
2025-5-12 14:35:56-debug: // ---- build task 整理部分构建选项内数据到 settings.json ---- (2ms)
2025-5-12 14:35:56-debug: run build task 整理部分构建选项内数据到 settings.json success in 2 ms√, progress: 12%
2025-5-12 14:35:56-debug: 填充脚本数据到 settings.json start, progress: 12%
2025-5-12 14:35:56-debug: // ---- build task 填充脚本数据到 settings.json ----
2025-5-12 14:35:56-debug: run build task 整理部分构建选项内数据到 settings.json success in 2 ms√, progress: 12%
2025-5-12 14:35:56-debug: // ---- build task 整理部分构建选项内数据到 settings.json ---- (2ms)
2025-5-12 14:35:56-debug: 填充脚本数据到 settings.json start, progress: 12%
2025-5-12 14:35:56-debug: // ---- build task 整理部分构建选项内数据到 settings.json ---- (1ms)
2025-5-12 14:35:56-debug: run build task 整理部分构建选项内数据到 settings.json success in 1 ms√, progress: 12%
2025-5-12 14:35:56-debug: // ---- build task 填充脚本数据到 settings.json ----
2025-5-12 14:35:56-debug: 填充脚本数据到 settings.json start, progress: 12%
2025-5-12 14:35:56-debug: // ---- build task 填充脚本数据到 settings.json ----
2025-5-12 14:35:56-debug: 填充脚本数据到 settings.json start, progress: 12%
2025-5-12 14:35:56-debug: run build task 填充脚本数据到 settings.json success in √, progress: 13%
2025-5-12 14:35:56-debug: [Build Memory track]: 填充脚本数据到 settings.json start:178.68MB, end 178.70MB, increase: 22.98KB
2025-5-12 14:35:56-debug: 整理部分构建选项内数据到 settings.json start, progress: 13%
2025-5-12 14:35:56-debug: // ---- build task 整理部分构建选项内数据到 settings.json ----
2025-5-12 14:35:56-debug: // ---- build task 填充脚本数据到 settings.json ---- (2ms)
2025-5-12 14:35:56-debug: run build task 填充脚本数据到 settings.json success in 2 ms√, progress: 13%
2025-5-12 14:35:56-debug: 整理部分构建选项内数据到 settings.json start, progress: 13%
2025-5-12 14:35:56-debug: // ---- build task 填充脚本数据到 settings.json ---- (1ms)
2025-5-12 14:35:56-debug: // ---- build task 整理部分构建选项内数据到 settings.json ----
2025-5-12 14:35:56-debug: run build task 填充脚本数据到 settings.json success in 1 ms√, progress: 13%
2025-5-12 14:35:56-debug: // ---- build task 整理部分构建选项内数据到 settings.json ----
2025-5-12 14:35:56-debug: run build task 填充脚本数据到 settings.json success in 1 ms√, progress: 13%
2025-5-12 14:35:56-debug: 整理部分构建选项内数据到 settings.json start, progress: 13%
2025-5-12 14:35:56-debug: // ---- build task 整理部分构建选项内数据到 settings.json ----
2025-5-12 14:35:56-debug: 整理部分构建选项内数据到 settings.json start, progress: 13%
2025-5-12 14:35:56-debug: // ---- build task 填充脚本数据到 settings.json ---- (1ms)
2025-5-12 14:35:56-debug: // ---- build task 整理部分构建选项内数据到 settings.json ---- (17ms)
2025-5-12 14:35:56-debug: run build task 整理部分构建选项内数据到 settings.json success in 17 ms√, progress: 15%
2025-5-12 14:35:56-debug: [Build Memory track]: 整理部分构建选项内数据到 settings.json start:178.88MB, end 179.52MB, increase: 655.90KB
2025-5-12 14:35:56-debug: run build task 整理部分构建选项内数据到 settings.json success in √, progress: 15%
2025-5-12 14:35:56-debug: run build task 整理部分构建选项内数据到 settings.json success in √, progress: 15%
2025-5-12 14:35:56-debug: run build task 整理部分构建选项内数据到 settings.json success in √, progress: 15%
2025-5-12 14:36:13-debug: Query all assets info in project
2025-5-12 14:36:13-debug: init custom config: keepNodeUuid: false, useCache: true
2025-5-12 14:36:13-debug: 查询 Asset Bundle start, progress: 0%
2025-5-12 14:36:13-debug: // ---- build task 查询 Asset Bundle ----
2025-5-12 14:36:13-debug: Query preload assets/scripts from cc.config.json: 60f7195c-ec2a-45eb-ba94-8955f60e81d0,1c02ae6f-4492-4915-b8f8-7492a3b1e4cd,810e96e4-e456-4468-9b59-f4e8f39732c0,efe8e2a3-eace-427b-b4f1-cb8a937ec77d,e9aa9a3e-5b2b-4ac7-a2c7-073de2b2b24f,8bbdbcdd-5cd4-4100-b6d5-b7c9625b6107,50f4348b-c883-4e2f-8f11-ce233b859fa1,fda095cb-831d-4601-ad94-846013963de8,f92806d7-1768-443f-afe8-12bcde84d0f0,dd3a144d-ab7f-41f0-82b8-2e43a090d496,f0416e68-0200-4b77-a926-4f9d16e494da,511d2633-09a7-4bdd-ac42-f778032124b3,5d45aa00-e064-4938-b314-4265f0c2258c,9361fd90-ba52-4f84-aa93-6e878fd576ca,970b0598-bcb0-4714-91fb-2e81440dccd8,bcd64cc6-2dd9-43f6-abbe-66318d332032,d930590d-bb92-4cc8-8bd1-23cd027f9edf,a3cd009f-0ab0-420d-9278-b9fdab939bbc,6a2d0734-bd9e-4ddf-946e-caa52498cb75,c27215d8-6835-4b68-bfbb-bdeac6100c04,b5d6115f-0370-4d7c-aad3-c194cc71cf98,d1346436-ac96-4271-b863-1f4fdead95b0,971bdb23-3ff6-43eb-b422-1c30165a3663,17debcc3-0a6b-4b8a-b00b-dc58b885581e,711ebe11-f673-4cd9-9a83-63c60ba54c5b,c0143906-9aed-447e-9436-2ae8512d1b6e,14da1725-c4c2-42b4-ab08-ee0aeb6898b3,081cab31-dccd-428e-8652-f2404cc81c47,78e0584a-4343-4727-8f37-e14e65c2a2db,ba21476f-2866-4f81-9c4d-6e359316e448,871c3b6c-7379-419d-bda3-794b239ab90d,1d08ef62-a503-4ce2-8b9a-46c90873f7d3,ff9b0199-ce04-4cfe-86cc-6c719f08d6e4,de1c2107-70c8-4021-8459-6399f24d01c6,cbf30902-517f-40dc-af90-a550bac27cf1
2025-5-12 14:36:13-debug:   Number of all scenes: 8
2025-5-12 14:36:13-debug:   Number of all scripts: 221
2025-5-12 14:36:13-debug:   Number of other assets: 5717
2025-5-12 14:36:13-debug: // ---- build task 查询 Asset Bundle ---- (150ms)
2025-5-12 14:36:13-debug: run build task 查询 Asset Bundle success in 150 ms√, progress: 5%
2025-5-12 14:36:13-debug: // ---- build task 查询 Asset Bundle ----
2025-5-12 14:36:13-debug: [Build Memory track]: 查询 Asset Bundle start:175.91MB, end 179.56MB, increase: 3.65MB
2025-5-12 14:36:13-debug: 查询 Asset Bundle start, progress: 5%
2025-5-12 14:36:13-debug: // ---- build task 查询 Asset Bundle ---- (7ms)
2025-5-12 14:36:13-debug: run build task 查询 Asset Bundle success in 7 ms√, progress: 10%
2025-5-12 14:36:13-debug: // ---- build task 整理部分构建选项内数据到 settings.json ----
2025-5-12 14:36:13-debug: [Build Memory track]: 查询 Asset Bundle start:179.59MB, end 178.64MB, increase: -970.46KB
2025-5-12 14:36:13-debug: 整理部分构建选项内数据到 settings.json start, progress: 10%
2025-5-12 14:36:13-debug: // ---- build task 整理部分构建选项内数据到 settings.json ---- (58ms)
2025-5-12 14:36:13-debug: run build task 整理部分构建选项内数据到 settings.json success in 58 ms√, progress: 12%
2025-5-12 14:36:13-debug: // ---- build task 填充脚本数据到 settings.json ----
2025-5-12 14:36:13-debug: [Build Memory track]: 整理部分构建选项内数据到 settings.json start:178.68MB, end 178.71MB, increase: 31.71KB
2025-5-12 14:36:13-debug: 填充脚本数据到 settings.json start, progress: 12%
2025-5-12 14:36:13-debug: // ---- build task 填充脚本数据到 settings.json ---- (1ms)
2025-5-12 14:36:13-debug: run build task 填充脚本数据到 settings.json success in 1 ms√, progress: 13%
2025-5-12 14:36:13-debug: [Build Memory track]: 填充脚本数据到 settings.json start:178.74MB, end 178.77MB, increase: 28.25KB
2025-5-12 14:36:13-debug: // ---- build task 整理部分构建选项内数据到 settings.json ----
2025-5-12 14:36:13-debug: 整理部分构建选项内数据到 settings.json start, progress: 13%
2025-5-12 14:36:13-debug: // ---- build task 整理部分构建选项内数据到 settings.json ---- (3ms)
2025-5-12 14:36:13-debug: run build task 整理部分构建选项内数据到 settings.json success in 3 ms√, progress: 15%
2025-5-12 14:36:13-debug: [Build Memory track]: 整理部分构建选项内数据到 settings.json start:178.80MB, end 178.93MB, increase: 136.48KB
2025-5-12 14:37:25-debug: Query all assets info in project
2025-5-12 14:37:25-debug: init custom config: keepNodeUuid: false, useCache: true
2025-5-12 14:37:25-debug: // ---- build task 查询 Asset Bundle ----
2025-5-12 14:37:25-debug: 查询 Asset Bundle start, progress: 0%
2025-5-12 14:37:25-debug: Query preload assets/scripts from cc.config.json: 60f7195c-ec2a-45eb-ba94-8955f60e81d0,1c02ae6f-4492-4915-b8f8-7492a3b1e4cd,810e96e4-e456-4468-9b59-f4e8f39732c0,efe8e2a3-eace-427b-b4f1-cb8a937ec77d,e9aa9a3e-5b2b-4ac7-a2c7-073de2b2b24f,8bbdbcdd-5cd4-4100-b6d5-b7c9625b6107,50f4348b-c883-4e2f-8f11-ce233b859fa1,fda095cb-831d-4601-ad94-846013963de8,f92806d7-1768-443f-afe8-12bcde84d0f0,dd3a144d-ab7f-41f0-82b8-2e43a090d496,f0416e68-0200-4b77-a926-4f9d16e494da,511d2633-09a7-4bdd-ac42-f778032124b3,5d45aa00-e064-4938-b314-4265f0c2258c,9361fd90-ba52-4f84-aa93-6e878fd576ca,970b0598-bcb0-4714-91fb-2e81440dccd8,bcd64cc6-2dd9-43f6-abbe-66318d332032,d930590d-bb92-4cc8-8bd1-23cd027f9edf,a3cd009f-0ab0-420d-9278-b9fdab939bbc,6a2d0734-bd9e-4ddf-946e-caa52498cb75,c27215d8-6835-4b68-bfbb-bdeac6100c04,b5d6115f-0370-4d7c-aad3-c194cc71cf98,d1346436-ac96-4271-b863-1f4fdead95b0,971bdb23-3ff6-43eb-b422-1c30165a3663,17debcc3-0a6b-4b8a-b00b-dc58b885581e,711ebe11-f673-4cd9-9a83-63c60ba54c5b,c0143906-9aed-447e-9436-2ae8512d1b6e,14da1725-c4c2-42b4-ab08-ee0aeb6898b3,081cab31-dccd-428e-8652-f2404cc81c47,78e0584a-4343-4727-8f37-e14e65c2a2db,ba21476f-2866-4f81-9c4d-6e359316e448,871c3b6c-7379-419d-bda3-794b239ab90d,1d08ef62-a503-4ce2-8b9a-46c90873f7d3,ff9b0199-ce04-4cfe-86cc-6c719f08d6e4,de1c2107-70c8-4021-8459-6399f24d01c6,cbf30902-517f-40dc-af90-a550bac27cf1
2025-5-12 14:37:25-debug:   Number of all scenes: 8
2025-5-12 14:37:25-debug:   Number of other assets: 5717
2025-5-12 14:37:25-debug:   Number of all scripts: 221
2025-5-12 14:37:25-debug: // ---- build task 查询 Asset Bundle ---- (186ms)
2025-5-12 14:37:25-debug: run build task 查询 Asset Bundle success in 186 ms√, progress: 5%
2025-5-12 14:37:25-debug: [Build Memory track]: 查询 Asset Bundle start:170.42MB, end 173.75MB, increase: 3.33MB
2025-5-12 14:37:25-debug: // ---- build task 查询 Asset Bundle ----
2025-5-12 14:37:25-debug: 查询 Asset Bundle start, progress: 5%
2025-5-12 14:37:25-debug: // ---- build task 查询 Asset Bundle ---- (8ms)
2025-5-12 14:37:25-debug: run build task 查询 Asset Bundle success in 8 ms√, progress: 10%
2025-5-12 14:37:25-debug: // ---- build task 整理部分构建选项内数据到 settings.json ----
2025-5-12 14:37:25-debug: [Build Memory track]: 查询 Asset Bundle start:173.78MB, end 174.75MB, increase: 984.68KB
2025-5-12 14:37:25-debug: 整理部分构建选项内数据到 settings.json start, progress: 10%
2025-5-12 14:37:25-debug: // ---- build task 整理部分构建选项内数据到 settings.json ---- (63ms)
2025-5-12 14:37:25-debug: run build task 整理部分构建选项内数据到 settings.json success in 63 ms√, progress: 12%
2025-5-12 14:37:25-debug: [Build Memory track]: 整理部分构建选项内数据到 settings.json start:174.78MB, end 175.05MB, increase: 279.65KB
2025-5-12 14:37:25-debug: 填充脚本数据到 settings.json start, progress: 12%
2025-5-12 14:37:25-debug: // ---- build task 填充脚本数据到 settings.json ----
2025-5-12 14:37:25-debug: // ---- build task 填充脚本数据到 settings.json ---- (1ms)
2025-5-12 14:37:25-debug: run build task 填充脚本数据到 settings.json success in 1 ms√, progress: 13%
2025-5-12 14:37:25-debug: // ---- build task 整理部分构建选项内数据到 settings.json ----
2025-5-12 14:37:25-debug: [Build Memory track]: 填充脚本数据到 settings.json start:175.09MB, end 175.12MB, increase: 30.60KB
2025-5-12 14:37:25-debug: 整理部分构建选项内数据到 settings.json start, progress: 13%
2025-5-12 14:37:25-debug: // ---- build task 整理部分构建选项内数据到 settings.json ---- (6ms)
2025-5-12 14:37:25-debug: run build task 整理部分构建选项内数据到 settings.json success in 6 ms√, progress: 15%
2025-5-12 14:37:25-debug: [Build Memory track]: 整理部分构建选项内数据到 settings.json start:175.15MB, end 175.29MB, increase: 138.64KB
2025-5-12 14:42:16-debug: refresh db internal success
2025-5-12 14:42:17-debug: refresh db assets success
2025-5-12 14:42:17-debug: Run asset db hook engine-extends:afterRefresh ...
2025-5-12 14:42:17-debug: Run asset db hook engine-extends:afterRefresh success!
2025-5-12 14:42:17-debug: asset-db:refresh-all-database (820ms)
2025-5-12 14:42:17-debug: asset-db:worker-effect-data-processing (2ms)
2025-5-12 14:42:17-debug: asset-db-hook-engine-extends-afterRefresh (2ms)
2025-5-12 14:45:55-debug: refresh db internal success
2025-5-12 14:45:56-debug: refresh db assets success
2025-5-12 14:45:56-debug: Run asset db hook engine-extends:afterRefresh ...
2025-5-12 14:45:56-debug: Run asset db hook engine-extends:afterRefresh success!
2025-5-12 14:45:56-debug: asset-db:refresh-all-database (698ms)
2025-5-12 14:45:56-debug: asset-db:worker-effect-data-processing (1ms)
2025-5-12 14:45:56-debug: asset-db-hook-engine-extends-afterRefresh (2ms)
2025-5-12 14:46:15-debug: Query all assets info in project
2025-5-12 14:46:15-debug: init custom config: keepNodeUuid: false, useCache: true
2025-5-12 14:46:15-debug: 查询 Asset Bundle start, progress: 0%
2025-5-12 14:46:15-debug: // ---- build task 查询 Asset Bundle ----
2025-5-12 14:46:15-debug: Query preload assets/scripts from cc.config.json: 60f7195c-ec2a-45eb-ba94-8955f60e81d0,1c02ae6f-4492-4915-b8f8-7492a3b1e4cd,810e96e4-e456-4468-9b59-f4e8f39732c0,efe8e2a3-eace-427b-b4f1-cb8a937ec77d,e9aa9a3e-5b2b-4ac7-a2c7-073de2b2b24f,8bbdbcdd-5cd4-4100-b6d5-b7c9625b6107,50f4348b-c883-4e2f-8f11-ce233b859fa1,fda095cb-831d-4601-ad94-846013963de8,f92806d7-1768-443f-afe8-12bcde84d0f0,dd3a144d-ab7f-41f0-82b8-2e43a090d496,f0416e68-0200-4b77-a926-4f9d16e494da,511d2633-09a7-4bdd-ac42-f778032124b3,5d45aa00-e064-4938-b314-4265f0c2258c,9361fd90-ba52-4f84-aa93-6e878fd576ca,970b0598-bcb0-4714-91fb-2e81440dccd8,bcd64cc6-2dd9-43f6-abbe-66318d332032,d930590d-bb92-4cc8-8bd1-23cd027f9edf,a3cd009f-0ab0-420d-9278-b9fdab939bbc,6a2d0734-bd9e-4ddf-946e-caa52498cb75,c27215d8-6835-4b68-bfbb-bdeac6100c04,b5d6115f-0370-4d7c-aad3-c194cc71cf98,d1346436-ac96-4271-b863-1f4fdead95b0,971bdb23-3ff6-43eb-b422-1c30165a3663,17debcc3-0a6b-4b8a-b00b-dc58b885581e,711ebe11-f673-4cd9-9a83-63c60ba54c5b,c0143906-9aed-447e-9436-2ae8512d1b6e,14da1725-c4c2-42b4-ab08-ee0aeb6898b3,081cab31-dccd-428e-8652-f2404cc81c47,78e0584a-4343-4727-8f37-e14e65c2a2db,ba21476f-2866-4f81-9c4d-6e359316e448,871c3b6c-7379-419d-bda3-794b239ab90d,1d08ef62-a503-4ce2-8b9a-46c90873f7d3,ff9b0199-ce04-4cfe-86cc-6c719f08d6e4,de1c2107-70c8-4021-8459-6399f24d01c6,cbf30902-517f-40dc-af90-a550bac27cf1
2025-5-12 14:46:15-debug:   Number of all scenes: 8
2025-5-12 14:46:15-debug:   Number of all scripts: 221
2025-5-12 14:46:15-debug:   Number of other assets: 5717
2025-5-12 14:46:15-debug: run build task 查询 Asset Bundle success in 179 ms√, progress: 5%
2025-5-12 14:46:15-debug: [Build Memory track]: 查询 Asset Bundle start:185.50MB, end 186.51MB, increase: 1.00MB
2025-5-12 14:46:15-debug: // ---- build task 查询 Asset Bundle ----
2025-5-12 14:46:15-debug: // ---- build task 查询 Asset Bundle ---- (179ms)
2025-5-12 14:46:15-debug: 查询 Asset Bundle start, progress: 5%
2025-5-12 14:46:15-debug: // ---- build task 查询 Asset Bundle ---- (8ms)
2025-5-12 14:46:15-debug: [Build Memory track]: 查询 Asset Bundle start:186.54MB, end 185.59MB, increase: -973.62KB
2025-5-12 14:46:15-debug: // ---- build task 整理部分构建选项内数据到 settings.json ----
2025-5-12 14:46:15-debug: run build task 查询 Asset Bundle success in 8 ms√, progress: 10%
2025-5-12 14:46:15-debug: 整理部分构建选项内数据到 settings.json start, progress: 10%
2025-5-12 14:46:15-debug: run build task 整理部分构建选项内数据到 settings.json success in √, progress: 12%
2025-5-12 14:46:15-debug: [Build Memory track]: 整理部分构建选项内数据到 settings.json start:185.62MB, end 185.64MB, increase: 18.55KB
2025-5-12 14:46:15-debug: // ---- build task 填充脚本数据到 settings.json ----
2025-5-12 14:46:15-debug: 填充脚本数据到 settings.json start, progress: 12%
2025-5-12 14:46:15-debug: run build task 填充脚本数据到 settings.json success in √, progress: 13%
2025-5-12 14:46:15-debug: [Build Memory track]: 填充脚本数据到 settings.json start:185.67MB, end 185.69MB, increase: 18.33KB
2025-5-12 14:46:15-debug: // ---- build task 整理部分构建选项内数据到 settings.json ----
2025-5-12 14:46:15-debug: 整理部分构建选项内数据到 settings.json start, progress: 13%
2025-5-12 14:46:15-debug: // ---- build task 整理部分构建选项内数据到 settings.json ---- (3ms)
2025-5-12 14:46:15-debug: run build task 整理部分构建选项内数据到 settings.json success in 3 ms√, progress: 15%
2025-5-12 14:46:15-debug: [Build Memory track]: 整理部分构建选项内数据到 settings.json start:185.73MB, end 185.86MB, increase: 136.83KB
2025-5-12 14:46:21-debug: Query all assets info in project
2025-5-12 14:46:21-debug: init custom config: keepNodeUuid: false, useCache: true
2025-5-12 14:46:21-debug: 查询 Asset Bundle start, progress: 0%
2025-5-12 14:46:21-debug: // ---- build task 查询 Asset Bundle ----
2025-5-12 14:46:21-debug: Query preload assets/scripts from cc.config.json: 60f7195c-ec2a-45eb-ba94-8955f60e81d0,1c02ae6f-4492-4915-b8f8-7492a3b1e4cd,810e96e4-e456-4468-9b59-f4e8f39732c0,efe8e2a3-eace-427b-b4f1-cb8a937ec77d,e9aa9a3e-5b2b-4ac7-a2c7-073de2b2b24f,8bbdbcdd-5cd4-4100-b6d5-b7c9625b6107,50f4348b-c883-4e2f-8f11-ce233b859fa1,fda095cb-831d-4601-ad94-846013963de8,f92806d7-1768-443f-afe8-12bcde84d0f0,dd3a144d-ab7f-41f0-82b8-2e43a090d496,f0416e68-0200-4b77-a926-4f9d16e494da,511d2633-09a7-4bdd-ac42-f778032124b3,5d45aa00-e064-4938-b314-4265f0c2258c,9361fd90-ba52-4f84-aa93-6e878fd576ca,970b0598-bcb0-4714-91fb-2e81440dccd8,bcd64cc6-2dd9-43f6-abbe-66318d332032,d930590d-bb92-4cc8-8bd1-23cd027f9edf,a3cd009f-0ab0-420d-9278-b9fdab939bbc,6a2d0734-bd9e-4ddf-946e-caa52498cb75,c27215d8-6835-4b68-bfbb-bdeac6100c04,b5d6115f-0370-4d7c-aad3-c194cc71cf98,d1346436-ac96-4271-b863-1f4fdead95b0,971bdb23-3ff6-43eb-b422-1c30165a3663,17debcc3-0a6b-4b8a-b00b-dc58b885581e,711ebe11-f673-4cd9-9a83-63c60ba54c5b,c0143906-9aed-447e-9436-2ae8512d1b6e,14da1725-c4c2-42b4-ab08-ee0aeb6898b3,081cab31-dccd-428e-8652-f2404cc81c47,78e0584a-4343-4727-8f37-e14e65c2a2db,ba21476f-2866-4f81-9c4d-6e359316e448,871c3b6c-7379-419d-bda3-794b239ab90d,1d08ef62-a503-4ce2-8b9a-46c90873f7d3,ff9b0199-ce04-4cfe-86cc-6c719f08d6e4,de1c2107-70c8-4021-8459-6399f24d01c6,cbf30902-517f-40dc-af90-a550bac27cf1
2025-5-12 14:46:21-debug:   Number of all scripts: 221
2025-5-12 14:46:21-debug:   Number of other assets: 5717
2025-5-12 14:46:21-debug:   Number of all scenes: 8
2025-5-12 14:46:21-debug: // ---- build task 查询 Asset Bundle ---- (221ms)
2025-5-12 14:46:21-debug: run build task 查询 Asset Bundle success in 221 ms√, progress: 5%
2025-5-12 14:46:21-debug: [Build Memory track]: 查询 Asset Bundle start:186.64MB, end 189.36MB, increase: 2.73MB
2025-5-12 14:46:21-debug: 查询 Asset Bundle start, progress: 5%
2025-5-12 14:46:21-debug: // ---- build task 查询 Asset Bundle ----
2025-5-12 14:46:21-debug: // ---- build task 查询 Asset Bundle ---- (19ms)
2025-5-12 14:46:21-debug: run build task 查询 Asset Bundle success in 19 ms√, progress: 10%
2025-5-12 14:46:21-debug: // ---- build task 整理部分构建选项内数据到 settings.json ----
2025-5-12 14:46:21-debug: [Build Memory track]: 查询 Asset Bundle start:189.39MB, end 188.41MB, increase: -1002.91KB
2025-5-12 14:46:21-debug: 整理部分构建选项内数据到 settings.json start, progress: 10%
2025-5-12 14:46:21-debug: [Build Memory track]: 整理部分构建选项内数据到 settings.json start:188.45MB, end 188.47MB, increase: 18.80KB
2025-5-12 14:46:21-debug: run build task 整理部分构建选项内数据到 settings.json success in √, progress: 12%
2025-5-12 14:46:21-debug: 填充脚本数据到 settings.json start, progress: 12%
2025-5-12 14:46:21-debug: // ---- build task 填充脚本数据到 settings.json ----
2025-5-12 14:46:21-debug: // ---- build task 填充脚本数据到 settings.json ---- (1ms)
2025-5-12 14:46:21-debug: run build task 填充脚本数据到 settings.json success in 1 ms√, progress: 13%
2025-5-12 14:46:21-debug: // ---- build task 整理部分构建选项内数据到 settings.json ----
2025-5-12 14:46:21-debug: [Build Memory track]: 填充脚本数据到 settings.json start:188.50MB, end 188.53MB, increase: 29.48KB
2025-5-12 14:46:21-debug: 整理部分构建选项内数据到 settings.json start, progress: 13%
2025-5-12 14:46:21-debug: run build task 整理部分构建选项内数据到 settings.json success in 2 ms√, progress: 15%
2025-5-12 14:46:21-debug: [Build Memory track]: 整理部分构建选项内数据到 settings.json start:188.56MB, end 188.69MB, increase: 131.95KB
2025-5-12 14:46:21-debug: // ---- build task 整理部分构建选项内数据到 settings.json ---- (2ms)
2025-5-12 14:47:21-debug: Query all assets info in project
2025-5-12 14:47:21-debug: init custom config: keepNodeUuid: false, useCache: true
2025-5-12 14:47:21-debug: 查询 Asset Bundle start, progress: 0%
2025-5-12 14:47:21-debug: // ---- build task 查询 Asset Bundle ----
2025-5-12 14:47:22-debug:   Number of all scenes: 8
2025-5-12 14:47:21-debug: Query preload assets/scripts from cc.config.json: 60f7195c-ec2a-45eb-ba94-8955f60e81d0,1c02ae6f-4492-4915-b8f8-7492a3b1e4cd,810e96e4-e456-4468-9b59-f4e8f39732c0,efe8e2a3-eace-427b-b4f1-cb8a937ec77d,e9aa9a3e-5b2b-4ac7-a2c7-073de2b2b24f,8bbdbcdd-5cd4-4100-b6d5-b7c9625b6107,50f4348b-c883-4e2f-8f11-ce233b859fa1,fda095cb-831d-4601-ad94-846013963de8,f92806d7-1768-443f-afe8-12bcde84d0f0,dd3a144d-ab7f-41f0-82b8-2e43a090d496,f0416e68-0200-4b77-a926-4f9d16e494da,511d2633-09a7-4bdd-ac42-f778032124b3,5d45aa00-e064-4938-b314-4265f0c2258c,9361fd90-ba52-4f84-aa93-6e878fd576ca,970b0598-bcb0-4714-91fb-2e81440dccd8,bcd64cc6-2dd9-43f6-abbe-66318d332032,d930590d-bb92-4cc8-8bd1-23cd027f9edf,a3cd009f-0ab0-420d-9278-b9fdab939bbc,6a2d0734-bd9e-4ddf-946e-caa52498cb75,c27215d8-6835-4b68-bfbb-bdeac6100c04,b5d6115f-0370-4d7c-aad3-c194cc71cf98,d1346436-ac96-4271-b863-1f4fdead95b0,971bdb23-3ff6-43eb-b422-1c30165a3663,17debcc3-0a6b-4b8a-b00b-dc58b885581e,711ebe11-f673-4cd9-9a83-63c60ba54c5b,c0143906-9aed-447e-9436-2ae8512d1b6e,14da1725-c4c2-42b4-ab08-ee0aeb6898b3,081cab31-dccd-428e-8652-f2404cc81c47,78e0584a-4343-4727-8f37-e14e65c2a2db,ba21476f-2866-4f81-9c4d-6e359316e448,871c3b6c-7379-419d-bda3-794b239ab90d,1d08ef62-a503-4ce2-8b9a-46c90873f7d3,ff9b0199-ce04-4cfe-86cc-6c719f08d6e4,de1c2107-70c8-4021-8459-6399f24d01c6,cbf30902-517f-40dc-af90-a550bac27cf1
2025-5-12 14:47:22-debug:   Number of all scripts: 221
2025-5-12 14:47:22-debug:   Number of other assets: 5717
2025-5-12 14:47:22-debug: // ---- build task 查询 Asset Bundle ----
2025-5-12 14:47:22-debug: run build task 查询 Asset Bundle success in 227 ms√, progress: 5%
2025-5-12 14:47:22-debug: 查询 Asset Bundle start, progress: 5%
2025-5-12 14:47:22-debug: [Build Memory track]: 查询 Asset Bundle start:188.86MB, end 192.01MB, increase: 3.15MB
2025-5-12 14:47:22-debug: // ---- build task 查询 Asset Bundle ---- (227ms)
2025-5-12 14:47:22-debug: run build task 查询 Asset Bundle success in 43 ms√, progress: 10%
2025-5-12 14:47:22-debug: [Build Memory track]: 查询 Asset Bundle start:192.04MB, end 171.04MB, increase: -21502.21KB
2025-5-12 14:47:22-debug: // ---- build task 整理部分构建选项内数据到 settings.json ----
2025-5-12 14:47:22-debug: // ---- build task 查询 Asset Bundle ---- (43ms)
2025-5-12 14:47:22-debug: 整理部分构建选项内数据到 settings.json start, progress: 10%
2025-5-12 14:47:22-debug: // ---- build task 整理部分构建选项内数据到 settings.json ---- (1ms)
2025-5-12 14:47:22-debug: run build task 整理部分构建选项内数据到 settings.json success in 1 ms√, progress: 12%
2025-5-12 14:47:22-debug: // ---- build task 填充脚本数据到 settings.json ----
2025-5-12 14:47:22-debug: [Build Memory track]: 整理部分构建选项内数据到 settings.json start:171.07MB, end 171.10MB, increase: 32.19KB
2025-5-12 14:47:22-debug: 填充脚本数据到 settings.json start, progress: 12%
2025-5-12 14:47:22-debug: // ---- build task 填充脚本数据到 settings.json ---- (2ms)
2025-5-12 14:47:22-debug: run build task 填充脚本数据到 settings.json success in 2 ms√, progress: 13%
2025-5-12 14:47:22-debug: [Build Memory track]: 填充脚本数据到 settings.json start:171.14MB, end 171.17MB, increase: 28.45KB
2025-5-12 14:47:22-debug: 整理部分构建选项内数据到 settings.json start, progress: 13%
2025-5-12 14:47:22-debug: // ---- build task 整理部分构建选项内数据到 settings.json ----
2025-5-12 14:47:22-debug: // ---- build task 整理部分构建选项内数据到 settings.json ---- (4ms)
2025-5-12 14:47:22-debug: run build task 整理部分构建选项内数据到 settings.json success in 4 ms√, progress: 15%
2025-5-12 14:47:22-debug: [Build Memory track]: 整理部分构建选项内数据到 settings.json start:171.20MB, end 171.34MB, increase: 145.78KB
2025-5-12 14:48:23-debug: refresh db internal success
2025-5-12 14:48:23-debug: %cImport%c: D:\plants_client\trunk\proj\assets\resources\prefabs\particle\EFF_K_039_01.prefabbackground: #aaff85; color: #000;color: #000;
2025-5-12 14:48:23-debug: %cImport%c: D:\plants_client\trunk\proj\assets\scripts\managerbackground: #aaff85; color: #000;color: #000;
2025-5-12 14:48:23-debug: %cImport%c: D:\plants_client\trunk\proj\assets\resources\prefabs\particlebackground: #aaff85; color: #000;color: #000;
2025-5-12 14:48:23-debug: %cImport%c: D:\plants_client\trunk\proj\assets\scripts\manager\Guide.tsbackground: #aaff85; color: #000;color: #000;
2025-5-12 14:48:24-debug: %cImport%c: D:\plants_client\trunk\proj\assets\resources\prefabs\particle\EFF_K_037_01.prefabbackground: #aaff85; color: #000;color: #000;
2025-5-12 14:48:24-debug: refresh db assets success
2025-5-12 14:48:24-debug: Run asset db hook engine-extends:afterRefresh ...
2025-5-12 14:48:24-debug: Run asset db hook engine-extends:afterRefresh success!
2025-5-12 14:48:24-debug: asset-db:worker-effect-data-processing (3ms)
2025-5-12 14:48:24-debug: asset-db-hook-engine-extends-afterRefresh (4ms)
2025-5-12 14:48:24-debug: asset-db:refresh-all-database (1611ms)
2025-5-12 14:48:27-debug: refresh db internal success
2025-5-12 14:48:27-debug: Query all assets info in project
2025-5-12 14:48:27-debug: init custom config: keepNodeUuid: false, useCache: true
2025-5-12 14:48:27-debug: // ---- build task 查询 Asset Bundle ----
2025-5-12 14:48:27-debug: 查询 Asset Bundle start, progress: 0%
2025-5-12 14:48:28-debug: Query preload assets/scripts from cc.config.json: 60f7195c-ec2a-45eb-ba94-8955f60e81d0,1c02ae6f-4492-4915-b8f8-7492a3b1e4cd,810e96e4-e456-4468-9b59-f4e8f39732c0,efe8e2a3-eace-427b-b4f1-cb8a937ec77d,e9aa9a3e-5b2b-4ac7-a2c7-073de2b2b24f,8bbdbcdd-5cd4-4100-b6d5-b7c9625b6107,50f4348b-c883-4e2f-8f11-ce233b859fa1,fda095cb-831d-4601-ad94-846013963de8,f92806d7-1768-443f-afe8-12bcde84d0f0,dd3a144d-ab7f-41f0-82b8-2e43a090d496,f0416e68-0200-4b77-a926-4f9d16e494da,511d2633-09a7-4bdd-ac42-f778032124b3,5d45aa00-e064-4938-b314-4265f0c2258c,9361fd90-ba52-4f84-aa93-6e878fd576ca,970b0598-bcb0-4714-91fb-2e81440dccd8,bcd64cc6-2dd9-43f6-abbe-66318d332032,d930590d-bb92-4cc8-8bd1-23cd027f9edf,a3cd009f-0ab0-420d-9278-b9fdab939bbc,6a2d0734-bd9e-4ddf-946e-caa52498cb75,c27215d8-6835-4b68-bfbb-bdeac6100c04,b5d6115f-0370-4d7c-aad3-c194cc71cf98,d1346436-ac96-4271-b863-1f4fdead95b0,971bdb23-3ff6-43eb-b422-1c30165a3663,17debcc3-0a6b-4b8a-b00b-dc58b885581e,711ebe11-f673-4cd9-9a83-63c60ba54c5b,c0143906-9aed-447e-9436-2ae8512d1b6e,14da1725-c4c2-42b4-ab08-ee0aeb6898b3,081cab31-dccd-428e-8652-f2404cc81c47,78e0584a-4343-4727-8f37-e14e65c2a2db,ba21476f-2866-4f81-9c4d-6e359316e448,871c3b6c-7379-419d-bda3-794b239ab90d,1d08ef62-a503-4ce2-8b9a-46c90873f7d3,ff9b0199-ce04-4cfe-86cc-6c719f08d6e4,de1c2107-70c8-4021-8459-6399f24d01c6,cbf30902-517f-40dc-af90-a550bac27cf1
2025-5-12 14:48:28-debug:   Number of all scripts: 221
2025-5-12 14:48:28-debug:   Number of other assets: 5718
2025-5-12 14:48:28-debug:   Number of all scenes: 8
2025-5-12 14:48:28-debug: // ---- build task 查询 Asset Bundle ---- (304ms)
2025-5-12 14:48:28-debug: run build task 查询 Asset Bundle success in 304 ms√, progress: 5%
2025-5-12 14:48:28-debug: // ---- build task 查询 Asset Bundle ----
2025-5-12 14:48:28-debug: [Build Memory track]: 查询 Asset Bundle start:181.32MB, end 182.47MB, increase: 1.15MB
2025-5-12 14:48:28-debug: 查询 Asset Bundle start, progress: 5%
2025-5-12 14:48:28-debug: refresh db assets success
2025-5-12 14:48:28-debug: Run asset db hook engine-extends:afterRefresh ...
2025-5-12 14:48:28-debug: Run asset db hook engine-extends:afterRefresh success!
2025-5-12 14:48:28-debug: asset-db:refresh-all-database (1301ms)
2025-5-12 14:48:28-debug: asset-db:worker-effect-data-processing (28ms)
2025-5-12 14:48:28-debug: asset-db-hook-engine-extends-afterRefresh (29ms)
2025-5-12 14:48:28-debug: // ---- build task 查询 Asset Bundle ---- (89ms)
2025-5-12 14:48:28-debug: run build task 查询 Asset Bundle success in 89 ms√, progress: 10%
2025-5-12 14:48:28-debug: // ---- build task 整理部分构建选项内数据到 settings.json ----
2025-5-12 14:48:28-debug: [Build Memory track]: 查询 Asset Bundle start:182.50MB, end 185.56MB, increase: 3.06MB
2025-5-12 14:48:28-debug: 整理部分构建选项内数据到 settings.json start, progress: 10%
2025-5-12 14:48:28-debug: run build task 整理部分构建选项内数据到 settings.json success in √, progress: 12%
2025-5-12 14:48:28-debug: [Build Memory track]: 整理部分构建选项内数据到 settings.json start:185.59MB, end 185.61MB, increase: 19.14KB
2025-5-12 14:48:28-debug: // ---- build task 填充脚本数据到 settings.json ----
2025-5-12 14:48:28-debug: 填充脚本数据到 settings.json start, progress: 12%
2025-5-12 14:48:28-debug: run build task 填充脚本数据到 settings.json success in √, progress: 13%
2025-5-12 14:48:28-debug: [Build Memory track]: 填充脚本数据到 settings.json start:185.64MB, end 185.66MB, increase: 17.70KB
2025-5-12 14:48:28-debug: 整理部分构建选项内数据到 settings.json start, progress: 13%
2025-5-12 14:48:28-debug: // ---- build task 整理部分构建选项内数据到 settings.json ----
2025-5-12 14:48:28-debug: run build task 整理部分构建选项内数据到 settings.json success in 4 ms√, progress: 15%
2025-5-12 14:48:28-debug: [Build Memory track]: 整理部分构建选项内数据到 settings.json start:185.69MB, end 186.04MB, increase: 353.76KB
2025-5-12 14:48:28-debug: // ---- build task 整理部分构建选项内数据到 settings.json ---- (4ms)
2025-5-12 14:48:58-debug: Query all assets info in project
2025-5-12 14:48:58-debug: init custom config: keepNodeUuid: false, useCache: true
2025-5-12 14:48:58-debug: 查询 Asset Bundle start, progress: 0%
2025-5-12 14:48:58-debug: // ---- build task 查询 Asset Bundle ----
2025-5-12 14:48:58-debug: Query preload assets/scripts from cc.config.json: 60f7195c-ec2a-45eb-ba94-8955f60e81d0,1c02ae6f-4492-4915-b8f8-7492a3b1e4cd,810e96e4-e456-4468-9b59-f4e8f39732c0,efe8e2a3-eace-427b-b4f1-cb8a937ec77d,e9aa9a3e-5b2b-4ac7-a2c7-073de2b2b24f,8bbdbcdd-5cd4-4100-b6d5-b7c9625b6107,50f4348b-c883-4e2f-8f11-ce233b859fa1,fda095cb-831d-4601-ad94-846013963de8,f92806d7-1768-443f-afe8-12bcde84d0f0,dd3a144d-ab7f-41f0-82b8-2e43a090d496,f0416e68-0200-4b77-a926-4f9d16e494da,511d2633-09a7-4bdd-ac42-f778032124b3,5d45aa00-e064-4938-b314-4265f0c2258c,9361fd90-ba52-4f84-aa93-6e878fd576ca,970b0598-bcb0-4714-91fb-2e81440dccd8,bcd64cc6-2dd9-43f6-abbe-66318d332032,d930590d-bb92-4cc8-8bd1-23cd027f9edf,a3cd009f-0ab0-420d-9278-b9fdab939bbc,6a2d0734-bd9e-4ddf-946e-caa52498cb75,c27215d8-6835-4b68-bfbb-bdeac6100c04,b5d6115f-0370-4d7c-aad3-c194cc71cf98,d1346436-ac96-4271-b863-1f4fdead95b0,971bdb23-3ff6-43eb-b422-1c30165a3663,17debcc3-0a6b-4b8a-b00b-dc58b885581e,711ebe11-f673-4cd9-9a83-63c60ba54c5b,c0143906-9aed-447e-9436-2ae8512d1b6e,14da1725-c4c2-42b4-ab08-ee0aeb6898b3,081cab31-dccd-428e-8652-f2404cc81c47,78e0584a-4343-4727-8f37-e14e65c2a2db,ba21476f-2866-4f81-9c4d-6e359316e448,871c3b6c-7379-419d-bda3-794b239ab90d,1d08ef62-a503-4ce2-8b9a-46c90873f7d3,ff9b0199-ce04-4cfe-86cc-6c719f08d6e4,de1c2107-70c8-4021-8459-6399f24d01c6,cbf30902-517f-40dc-af90-a550bac27cf1
2025-5-12 14:48:58-debug:   Number of all scenes: 8
2025-5-12 14:48:58-debug:   Number of all scripts: 221
2025-5-12 14:48:58-debug:   Number of other assets: 5718
2025-5-12 14:48:58-debug: // ---- build task 查询 Asset Bundle ---- (214ms)
2025-5-12 14:48:58-debug: run build task 查询 Asset Bundle success in 214 ms√, progress: 5%
2025-5-12 14:48:58-debug: 查询 Asset Bundle start, progress: 5%
2025-5-12 14:48:58-debug: // ---- build task 查询 Asset Bundle ----
2025-5-12 14:48:58-debug: [Build Memory track]: 查询 Asset Bundle start:182.64MB, end 185.29MB, increase: 2.66MB
2025-5-12 14:48:58-debug: // ---- build task 查询 Asset Bundle ---- (6ms)
2025-5-12 14:48:58-debug: run build task 查询 Asset Bundle success in 6 ms√, progress: 10%
2025-5-12 14:48:58-debug: // ---- build task 整理部分构建选项内数据到 settings.json ----
2025-5-12 14:48:58-debug: [Build Memory track]: 查询 Asset Bundle start:185.33MB, end 186.15MB, increase: 839.03KB
2025-5-12 14:48:58-debug: 整理部分构建选项内数据到 settings.json start, progress: 10%
2025-5-12 14:48:58-debug: // ---- build task 整理部分构建选项内数据到 settings.json ---- (1ms)
2025-5-12 14:48:58-debug: run build task 整理部分构建选项内数据到 settings.json success in 1 ms√, progress: 12%
2025-5-12 14:48:58-debug: // ---- build task 填充脚本数据到 settings.json ----
2025-5-12 14:48:58-debug: [Build Memory track]: 整理部分构建选项内数据到 settings.json start:186.18MB, end 186.21MB, increase: 29.39KB
2025-5-12 14:48:58-debug: 填充脚本数据到 settings.json start, progress: 12%
2025-5-12 14:48:58-debug: // ---- build task 填充脚本数据到 settings.json ---- (1ms)
2025-5-12 14:48:58-debug: run build task 填充脚本数据到 settings.json success in 1 ms√, progress: 13%
2025-5-12 14:48:58-debug: // ---- build task 整理部分构建选项内数据到 settings.json ----
2025-5-12 14:48:58-debug: [Build Memory track]: 填充脚本数据到 settings.json start:186.24MB, end 186.27MB, increase: 29.55KB
2025-5-12 14:48:58-debug: 整理部分构建选项内数据到 settings.json start, progress: 13%
2025-5-12 14:48:58-debug: // ---- build task 整理部分构建选项内数据到 settings.json ---- (4ms)
2025-5-12 14:48:58-debug: run build task 整理部分构建选项内数据到 settings.json success in 4 ms√, progress: 15%
2025-5-12 14:48:58-debug: [Build Memory track]: 整理部分构建选项内数据到 settings.json start:184.49MB, end 184.62MB, increase: 132.21KB
2025-5-12 14:50:45-debug: refresh db internal success
2025-5-12 14:50:45-debug: refresh db assets success
2025-5-12 14:50:45-debug: Run asset db hook engine-extends:afterRefresh ...
2025-5-12 14:50:45-debug: Run asset db hook engine-extends:afterRefresh success!
2025-5-12 14:50:45-debug: asset-db:refresh-all-database (836ms)
2025-5-12 14:50:45-debug: asset-db:worker-effect-data-processing (4ms)
2025-5-12 14:50:45-debug: asset-db-hook-engine-extends-afterRefresh (5ms)
2025-5-12 14:50:54-debug: Query all assets info in project
2025-5-12 14:50:54-debug: init custom config: keepNodeUuid: false, useCache: true
2025-5-12 14:50:54-debug: 查询 Asset Bundle start, progress: 0%
2025-5-12 14:50:54-debug: // ---- build task 查询 Asset Bundle ----
2025-5-12 14:50:54-debug: Query preload assets/scripts from cc.config.json: 60f7195c-ec2a-45eb-ba94-8955f60e81d0,1c02ae6f-4492-4915-b8f8-7492a3b1e4cd,810e96e4-e456-4468-9b59-f4e8f39732c0,efe8e2a3-eace-427b-b4f1-cb8a937ec77d,e9aa9a3e-5b2b-4ac7-a2c7-073de2b2b24f,8bbdbcdd-5cd4-4100-b6d5-b7c9625b6107,50f4348b-c883-4e2f-8f11-ce233b859fa1,fda095cb-831d-4601-ad94-846013963de8,f92806d7-1768-443f-afe8-12bcde84d0f0,dd3a144d-ab7f-41f0-82b8-2e43a090d496,f0416e68-0200-4b77-a926-4f9d16e494da,511d2633-09a7-4bdd-ac42-f778032124b3,5d45aa00-e064-4938-b314-4265f0c2258c,9361fd90-ba52-4f84-aa93-6e878fd576ca,970b0598-bcb0-4714-91fb-2e81440dccd8,bcd64cc6-2dd9-43f6-abbe-66318d332032,d930590d-bb92-4cc8-8bd1-23cd027f9edf,a3cd009f-0ab0-420d-9278-b9fdab939bbc,6a2d0734-bd9e-4ddf-946e-caa52498cb75,c27215d8-6835-4b68-bfbb-bdeac6100c04,b5d6115f-0370-4d7c-aad3-c194cc71cf98,d1346436-ac96-4271-b863-1f4fdead95b0,971bdb23-3ff6-43eb-b422-1c30165a3663,17debcc3-0a6b-4b8a-b00b-dc58b885581e,711ebe11-f673-4cd9-9a83-63c60ba54c5b,c0143906-9aed-447e-9436-2ae8512d1b6e,14da1725-c4c2-42b4-ab08-ee0aeb6898b3,081cab31-dccd-428e-8652-f2404cc81c47,78e0584a-4343-4727-8f37-e14e65c2a2db,ba21476f-2866-4f81-9c4d-6e359316e448,871c3b6c-7379-419d-bda3-794b239ab90d,1d08ef62-a503-4ce2-8b9a-46c90873f7d3,ff9b0199-ce04-4cfe-86cc-6c719f08d6e4,de1c2107-70c8-4021-8459-6399f24d01c6,cbf30902-517f-40dc-af90-a550bac27cf1
2025-5-12 14:50:54-debug:   Number of all scenes: 8
2025-5-12 14:50:54-debug:   Number of other assets: 5718
2025-5-12 14:50:54-debug:   Number of all scripts: 221
2025-5-12 14:50:54-debug: // ---- build task 查询 Asset Bundle ---- (187ms)
2025-5-12 14:50:54-debug: [Build Memory track]: 查询 Asset Bundle start:199.70MB, end 194.99MB, increase: -4823.86KB
2025-5-12 14:50:54-debug: run build task 查询 Asset Bundle success in 187 ms√, progress: 5%
2025-5-12 14:50:54-debug: // ---- build task 查询 Asset Bundle ----
2025-5-12 14:50:54-debug: 查询 Asset Bundle start, progress: 5%
2025-5-12 14:50:54-debug: run build task 查询 Asset Bundle success in 11 ms√, progress: 10%
2025-5-12 14:50:54-debug: 整理部分构建选项内数据到 settings.json start, progress: 10%
2025-5-12 14:50:54-debug: [Build Memory track]: 查询 Asset Bundle start:195.02MB, end 195.85MB, increase: 839.92KB
2025-5-12 14:50:54-debug: // ---- build task 整理部分构建选项内数据到 settings.json ----
2025-5-12 14:50:54-debug: // ---- build task 查询 Asset Bundle ---- (11ms)
2025-5-12 14:50:54-debug: run build task 整理部分构建选项内数据到 settings.json success in 8 ms√, progress: 12%
2025-5-12 14:50:54-debug: // ---- build task 整理部分构建选项内数据到 settings.json ---- (8ms)
2025-5-12 14:50:54-debug: 填充脚本数据到 settings.json start, progress: 12%
2025-5-12 14:50:54-debug: [Build Memory track]: 整理部分构建选项内数据到 settings.json start:195.88MB, end 195.91MB, increase: 28.29KB
2025-5-12 14:50:54-debug: // ---- build task 填充脚本数据到 settings.json ----
2025-5-12 14:50:54-debug: // ---- build task 填充脚本数据到 settings.json ---- (2ms)
2025-5-12 14:50:54-debug: [Build Memory track]: 填充脚本数据到 settings.json start:195.94MB, end 195.97MB, increase: 27.79KB
2025-5-12 14:50:54-debug: 整理部分构建选项内数据到 settings.json start, progress: 13%
2025-5-12 14:50:54-debug: run build task 填充脚本数据到 settings.json success in 2 ms√, progress: 13%
2025-5-12 14:50:54-debug: // ---- build task 整理部分构建选项内数据到 settings.json ----
2025-5-12 14:50:54-debug: // ---- build task 整理部分构建选项内数据到 settings.json ---- (23ms)
2025-5-12 14:50:54-debug: run build task 整理部分构建选项内数据到 settings.json success in 23 ms√, progress: 15%
2025-5-12 14:50:54-debug: [Build Memory track]: 整理部分构建选项内数据到 settings.json start:196.00MB, end 171.18MB, increase: -25418.12KB
2025-5-12 14:53:07-debug: refresh db internal success
2025-5-12 14:53:07-debug: %cImport%c: D:\plants_client\trunk\proj\assets\res\config\cfg.jsonbackground: #aaff85; color: #000;color: #000;
2025-5-12 14:53:08-debug: %cImport%c: D:\plants_client\trunk\proj\assets\scripts\module\cards\CardsPanel.tsbackground: #aaff85; color: #000;color: #000;
2025-5-12 14:53:08-debug: refresh db assets success
2025-5-12 14:53:08-debug: Run asset db hook engine-extends:afterRefresh ...
2025-5-12 14:53:08-debug: Run asset db hook engine-extends:afterRefresh success!
2025-5-12 14:53:08-debug: asset-db:refresh-all-database (1478ms)
2025-5-12 14:53:08-debug: asset-db:worker-effect-data-processing (3ms)
2025-5-12 14:53:08-debug: asset-db-hook-engine-extends-afterRefresh (4ms)
2025-5-12 14:53:12-debug: Query all assets info in project
2025-5-12 14:53:12-debug: init custom config: keepNodeUuid: false, useCache: true
2025-5-12 14:53:12-debug: 查询 Asset Bundle start, progress: 0%
2025-5-12 14:53:12-debug: // ---- build task 查询 Asset Bundle ----
2025-5-12 14:53:12-debug: Query preload assets/scripts from cc.config.json: 60f7195c-ec2a-45eb-ba94-8955f60e81d0,1c02ae6f-4492-4915-b8f8-7492a3b1e4cd,810e96e4-e456-4468-9b59-f4e8f39732c0,efe8e2a3-eace-427b-b4f1-cb8a937ec77d,e9aa9a3e-5b2b-4ac7-a2c7-073de2b2b24f,8bbdbcdd-5cd4-4100-b6d5-b7c9625b6107,50f4348b-c883-4e2f-8f11-ce233b859fa1,fda095cb-831d-4601-ad94-846013963de8,f92806d7-1768-443f-afe8-12bcde84d0f0,dd3a144d-ab7f-41f0-82b8-2e43a090d496,f0416e68-0200-4b77-a926-4f9d16e494da,511d2633-09a7-4bdd-ac42-f778032124b3,5d45aa00-e064-4938-b314-4265f0c2258c,9361fd90-ba52-4f84-aa93-6e878fd576ca,970b0598-bcb0-4714-91fb-2e81440dccd8,bcd64cc6-2dd9-43f6-abbe-66318d332032,d930590d-bb92-4cc8-8bd1-23cd027f9edf,a3cd009f-0ab0-420d-9278-b9fdab939bbc,6a2d0734-bd9e-4ddf-946e-caa52498cb75,c27215d8-6835-4b68-bfbb-bdeac6100c04,b5d6115f-0370-4d7c-aad3-c194cc71cf98,d1346436-ac96-4271-b863-1f4fdead95b0,971bdb23-3ff6-43eb-b422-1c30165a3663,17debcc3-0a6b-4b8a-b00b-dc58b885581e,711ebe11-f673-4cd9-9a83-63c60ba54c5b,c0143906-9aed-447e-9436-2ae8512d1b6e,14da1725-c4c2-42b4-ab08-ee0aeb6898b3,081cab31-dccd-428e-8652-f2404cc81c47,78e0584a-4343-4727-8f37-e14e65c2a2db,ba21476f-2866-4f81-9c4d-6e359316e448,871c3b6c-7379-419d-bda3-794b239ab90d,1d08ef62-a503-4ce2-8b9a-46c90873f7d3,ff9b0199-ce04-4cfe-86cc-6c719f08d6e4,de1c2107-70c8-4021-8459-6399f24d01c6,cbf30902-517f-40dc-af90-a550bac27cf1
2025-5-12 14:53:12-debug:   Number of all scenes: 8
2025-5-12 14:53:12-debug:   Number of all scripts: 221
2025-5-12 14:53:12-debug:   Number of other assets: 5718
2025-5-12 14:53:13-debug: // ---- build task 查询 Asset Bundle ---- (229ms)
2025-5-12 14:53:13-debug: run build task 查询 Asset Bundle success in 229 ms√, progress: 5%
2025-5-12 14:53:13-debug: [Build Memory track]: 查询 Asset Bundle start:195.77MB, end 187.86MB, increase: -8092.55KB
2025-5-12 14:53:13-debug: 查询 Asset Bundle start, progress: 5%
2025-5-12 14:53:13-debug: // ---- build task 查询 Asset Bundle ----
2025-5-12 14:53:13-debug: run build task 查询 Asset Bundle success in 11 ms√, progress: 10%
2025-5-12 14:53:13-debug: [Build Memory track]: 查询 Asset Bundle start:187.90MB, end 188.72MB, increase: 840.32KB
2025-5-12 14:53:13-debug: // ---- build task 查询 Asset Bundle ---- (11ms)
2025-5-12 14:53:13-debug: // ---- build task 整理部分构建选项内数据到 settings.json ----
2025-5-12 14:53:13-debug: 整理部分构建选项内数据到 settings.json start, progress: 10%
2025-5-12 14:53:13-debug: // ---- build task 整理部分构建选项内数据到 settings.json ---- (1ms)
2025-5-12 14:53:13-debug: run build task 整理部分构建选项内数据到 settings.json success in 1 ms√, progress: 12%
2025-5-12 14:53:13-debug: // ---- build task 填充脚本数据到 settings.json ----
2025-5-12 14:53:13-debug: [Build Memory track]: 整理部分构建选项内数据到 settings.json start:188.75MB, end 188.78MB, increase: 29.43KB
2025-5-12 14:53:13-debug: 填充脚本数据到 settings.json start, progress: 12%
2025-5-12 14:53:13-debug: // ---- build task 填充脚本数据到 settings.json ---- (1ms)
2025-5-12 14:53:13-debug: run build task 填充脚本数据到 settings.json success in 1 ms√, progress: 13%
2025-5-12 14:53:13-debug: // ---- build task 整理部分构建选项内数据到 settings.json ----
2025-5-12 14:53:13-debug: [Build Memory track]: 填充脚本数据到 settings.json start:188.81MB, end 188.84MB, increase: 29.52KB
2025-5-12 14:53:13-debug: 整理部分构建选项内数据到 settings.json start, progress: 13%
2025-5-12 14:53:13-debug: // ---- build task 整理部分构建选项内数据到 settings.json ---- (5ms)
2025-5-12 14:53:13-debug: run build task 整理部分构建选项内数据到 settings.json success in 5 ms√, progress: 15%
2025-5-12 14:53:13-debug: [Build Memory track]: 整理部分构建选项内数据到 settings.json start:188.87MB, end 189.01MB, increase: 134.50KB
2025-5-12 14:56:11-debug: Query all assets info in project
2025-5-12 14:56:11-debug: init custom config: keepNodeUuid: false, useCache: true
2025-5-12 14:56:11-debug: 查询 Asset Bundle start, progress: 0%
2025-5-12 14:56:11-debug: // ---- build task 查询 Asset Bundle ----
2025-5-12 14:56:11-debug:   Number of all scenes: 8
2025-5-12 14:56:11-debug: Query preload assets/scripts from cc.config.json: 60f7195c-ec2a-45eb-ba94-8955f60e81d0,1c02ae6f-4492-4915-b8f8-7492a3b1e4cd,810e96e4-e456-4468-9b59-f4e8f39732c0,efe8e2a3-eace-427b-b4f1-cb8a937ec77d,e9aa9a3e-5b2b-4ac7-a2c7-073de2b2b24f,8bbdbcdd-5cd4-4100-b6d5-b7c9625b6107,50f4348b-c883-4e2f-8f11-ce233b859fa1,fda095cb-831d-4601-ad94-846013963de8,f92806d7-1768-443f-afe8-12bcde84d0f0,dd3a144d-ab7f-41f0-82b8-2e43a090d496,f0416e68-0200-4b77-a926-4f9d16e494da,511d2633-09a7-4bdd-ac42-f778032124b3,5d45aa00-e064-4938-b314-4265f0c2258c,9361fd90-ba52-4f84-aa93-6e878fd576ca,970b0598-bcb0-4714-91fb-2e81440dccd8,bcd64cc6-2dd9-43f6-abbe-66318d332032,d930590d-bb92-4cc8-8bd1-23cd027f9edf,a3cd009f-0ab0-420d-9278-b9fdab939bbc,6a2d0734-bd9e-4ddf-946e-caa52498cb75,c27215d8-6835-4b68-bfbb-bdeac6100c04,b5d6115f-0370-4d7c-aad3-c194cc71cf98,d1346436-ac96-4271-b863-1f4fdead95b0,971bdb23-3ff6-43eb-b422-1c30165a3663,17debcc3-0a6b-4b8a-b00b-dc58b885581e,711ebe11-f673-4cd9-9a83-63c60ba54c5b,c0143906-9aed-447e-9436-2ae8512d1b6e,14da1725-c4c2-42b4-ab08-ee0aeb6898b3,081cab31-dccd-428e-8652-f2404cc81c47,78e0584a-4343-4727-8f37-e14e65c2a2db,ba21476f-2866-4f81-9c4d-6e359316e448,871c3b6c-7379-419d-bda3-794b239ab90d,1d08ef62-a503-4ce2-8b9a-46c90873f7d3,ff9b0199-ce04-4cfe-86cc-6c719f08d6e4,de1c2107-70c8-4021-8459-6399f24d01c6,cbf30902-517f-40dc-af90-a550bac27cf1
2025-5-12 14:56:11-debug:   Number of all scripts: 221
2025-5-12 14:56:11-debug:   Number of other assets: 5718
2025-5-12 14:56:11-debug: // ---- build task 查询 Asset Bundle ---- (201ms)
2025-5-12 14:56:11-debug: run build task 查询 Asset Bundle success in 201 ms√, progress: 5%
2025-5-12 14:56:11-debug: // ---- build task 查询 Asset Bundle ----
2025-5-12 14:56:11-debug: [Build Memory track]: 查询 Asset Bundle start:188.74MB, end 191.59MB, increase: 2.85MB
2025-5-12 14:56:11-debug: 查询 Asset Bundle start, progress: 5%
2025-5-12 14:56:11-debug: // ---- build task 查询 Asset Bundle ---- (7ms)
2025-5-12 14:56:11-debug: run build task 查询 Asset Bundle success in 7 ms√, progress: 10%
2025-5-12 14:56:11-debug: // ---- build task 整理部分构建选项内数据到 settings.json ----
2025-5-12 14:56:11-debug: [Build Memory track]: 查询 Asset Bundle start:191.63MB, end 192.46MB, increase: 852.59KB
2025-5-12 14:56:11-debug: 整理部分构建选项内数据到 settings.json start, progress: 10%
2025-5-12 14:56:11-debug: // ---- build task 整理部分构建选项内数据到 settings.json ---- (1ms)
2025-5-12 14:56:11-debug: run build task 整理部分构建选项内数据到 settings.json success in 1 ms√, progress: 12%
2025-5-12 14:56:11-debug: [Build Memory track]: 整理部分构建选项内数据到 settings.json start:192.49MB, end 192.52MB, increase: 29.42KB
2025-5-12 14:56:11-debug: 填充脚本数据到 settings.json start, progress: 12%
2025-5-12 14:56:11-debug: // ---- build task 填充脚本数据到 settings.json ----
2025-5-12 14:56:11-debug: // ---- build task 填充脚本数据到 settings.json ---- (1ms)
2025-5-12 14:56:11-debug: run build task 填充脚本数据到 settings.json success in 1 ms√, progress: 13%
2025-5-12 14:56:11-debug: // ---- build task 整理部分构建选项内数据到 settings.json ----
2025-5-12 14:56:11-debug: [Build Memory track]: 填充脚本数据到 settings.json start:192.55MB, end 192.58MB, increase: 29.55KB
2025-5-12 14:56:11-debug: 整理部分构建选项内数据到 settings.json start, progress: 13%
2025-5-12 14:56:11-debug: // ---- build task 整理部分构建选项内数据到 settings.json ---- (3ms)
2025-5-12 14:56:11-debug: run build task 整理部分构建选项内数据到 settings.json success in 3 ms√, progress: 15%
2025-5-12 14:56:11-debug: [Build Memory track]: 整理部分构建选项内数据到 settings.json start:192.62MB, end 192.75MB, increase: 132.21KB
2025-5-12 17:54:49-debug: refresh db internal success
2025-5-12 17:54:51-debug: %cImport%c: D:\plants_client\trunk\proj\assets\scripts\module\cards\CardsPanel.tsbackground: #aaff85; color: #000;color: #000;
2025-5-12 17:54:51-debug: refresh db assets success
2025-5-12 17:54:51-debug: Run asset db hook engine-extends:afterRefresh ...
2025-5-12 17:54:51-debug: Run asset db hook engine-extends:afterRefresh success!
2025-5-12 17:54:51-debug: asset-db:refresh-all-database (1954ms)
2025-5-12 17:54:51-debug: asset-db:worker-effect-data-processing (3ms)
2025-5-12 17:54:51-debug: asset-db-hook-engine-extends-afterRefresh (3ms)
2025-5-12 18:16:38-debug: refresh db internal success
2025-5-12 18:16:40-debug: refresh db assets success
2025-5-12 18:16:40-debug: Run asset db hook engine-extends:afterRefresh ...
2025-5-12 18:16:40-debug: Run asset db hook engine-extends:afterRefresh success!
2025-5-12 18:16:40-debug: asset-db:refresh-all-database (2005ms)
2025-5-12 18:16:40-debug: asset-db:worker-effect-data-processing (2ms)
2025-5-12 18:16:40-debug: asset-db-hook-engine-extends-afterRefresh (2ms)
2025-5-12 20:28:01-debug: refresh db internal success
2025-5-12 20:28:01-debug: refresh db assets success
2025-5-12 20:28:01-debug: Run asset db hook engine-extends:afterRefresh ...
2025-5-12 20:28:01-debug: Run asset db hook engine-extends:afterRefresh success!
2025-5-12 20:28:01-debug: asset-db:refresh-all-database (729ms)
2025-5-12 20:28:01-debug: asset-db:worker-effect-data-processing (2ms)
2025-5-12 20:28:01-debug: asset-db-hook-engine-extends-afterRefresh (2ms)
